<?xml version="1.0" encoding="UTF-8"?>
<!-- Generated by org.testng.reporters.JUnitReportReporter -->
<testsuite hostname="DESKTOP-IO2CQTC" failures="0" tests="1" name="Base.RunTest" time="39.136" errors="0" timestamp="2023-09-06T14:10:17 COT" skipped="0">
  <testcase classname="Base.RunTest" name="pruebasIniciales" time="39.136"/>
  <system-out/>
</testsuite> <!-- Base.RunTest -->
