<?xml version="1.0" encoding="UTF-8"?>
<!-- Generated by org.testng.reporters.JUnitReportReporter -->
<testsuite hostname="DESKTOP-IO2CQTC" failures="0" tests="1" name="Utilidades.ExcelUtilidades" time="0.028" errors="0" timestamp="2023-09-03T17:15:54 COT" skipped="0">
  <testcase classname="Utilidades.ExcelUtilidades" name="f" time="0.028"/>
  <system-out/>
</testsuite> <!-- Utilidades.ExcelUtilidades -->
